
Loading MNIST Data...

Loading Training Data...

Loading Testing Data...

Preparing Classifier Training and Validation Data...

KNN Classifier with n_neighbors = 5, algorithm = auto, n_jobs = 10

Pickling the Classifier for Future Use...

Calculating Accuracy of trained Classifier...

Making Predictions on Validation Data...

Calculating Accuracy of Predictions...

Creating Confusion Matrix...

KNN Trained Classifier Confidence:  0.972

Predicted Values:  [5 3 9 ... 1 2 8]

Accuracy of Classifier on Validation Image Data:  0.972

Confusion Matrix: 
 [[641   1   0   0   0   1   3   0   0   1]
 [  0 673   4   0   0   0   0   4   0   0]
 [  2   6 580   0   0   0   3   4   0   0]
 [  1   1   5 616   0   4   0   2   4   1]
 [  0   7   0   1 575   0   1   1   0  11]
 [  3   0   0   8   0 483   7   0   0   2]
 [  2   1   0   0   0   2 562   0   0   0]
 [  0   3   3   0   0   0   0 612   0   5]
 [  3   8   3   6   2  10   2   0 536   7]
 [  2   3   0   2   3   0   1  10   2 554]]

Making Predictions on Test Input Images...

Calculating Accuracy of Trained Classifier on Test Data... 

 Creating Confusion Matrix for Test Data...

Predicted Labels for Test Images:  [7 2 1 ... 4 5 6]

Accuracy of Classifier on Test Images:  0.9686

Confusion Matrix for Test Data: 
 [[ 974    1    1    0    0    1    2    1    0    0]
 [   0 1132    2    0    0    0    1    0    0    0]
 [  11   10  986    2    0    0    2   17    4    0]
 [   0    3    3  977    1   12    1    5    4    4]
 [   3    6    0    0  946    0    5    1    1   20]
 [   5    0    0   12    2  864    4    1    1    3]
 [   5    3    0    0    3    2  945    0    0    0]
 [   0   22    4    0    3    0    0  989    0   10]
 [   8    3    5   13    7   13    5    4  912    4]
 [   6    7    3    6    9    4    1   10    2  961]]
